<?xml version="1.0" encoding="UTF-8"?>
<!-- Generated by org.testng.reporters.JUnitReportReporter -->
<testsuite hostname="SubhanPC" failures="0" tests="1" name="Hybrid_app.generalStore" time="49.170" errors="0" timestamp="2024-07-30T11:26:06 IST" skipped="0">
  <testcase classname="Hybrid_app.generalStore" name="login" time="49.170"/>
  <system-out/>
</testsuite> <!-- Hybrid_app.generalStore -->
